<?xml version="1.0" encoding="UTF-8"?>
<!-- Generated by org.testng.reporters.JUnitReportReporter -->
<testsuite skipped="0" hostname="WUHF8BL9G6A68RE" name="com.y.AppTest" tests="3" failures="0" timestamp="04 十一月 2018 09:38:59 GMT" time="0.043" errors="0">
  <testcase name="test2" time="0.007" classname="com.y.AppTest"/>
  <testcase name="test1" time="0.033" classname="com.y.AppTest"/>
  <testcase name="test3" time="0.003" classname="com.y.AppTest"/>
</testsuite> <!-- com.y.AppTest -->
